  [1m[36m (218.4ms)[0m  [1mCREATE TABLE "schema_migrations" ("version" varchar NOT NULL) [0m
  [1m[35m (0.0ms)[0m  select sqlite_version(*)
  [1m[36m (109.2ms)[0m  [1mCREATE UNIQUE INDEX "unique_schema_migrations" ON "schema_migrations" ("version")[0m
  [1m[35mActiveRecord::SchemaMigration Load (0.0ms)[0m  SELECT "schema_migrations".* FROM "schema_migrations"


Started GET "/" for ::1 at 2016-02-29 00:13:07 -0500
Processing by Rails::WelcomeController#index as HTML
  Rendered C:/Ruby21-x64/lib/ruby/gems/2.1.0/gems/railties-4.2.1/lib/rails/templates/rails/welcome/index.html.erb (3.0ms)
Completed 200 OK in 21ms (Views: 21.0ms | ActiveRecord: 0.0ms)
  [1m[36mActiveRecord::SchemaMigration Load (0.0ms)[0m  [1mSELECT "schema_migrations".* FROM "schema_migrations"[0m
  [1m[36mActiveRecord::SchemaMigration Load (0.0ms)[0m  [1mSELECT "schema_migrations".* FROM "schema_migrations"[0m
  [1m[36mActiveRecord::SchemaMigration Load (0.0ms)[0m  [1mSELECT "schema_migrations".* FROM "schema_migrations"[0m
Migrating to CreateArticles (20160229071400)
  [1m[35m (15.6ms)[0m  begin transaction
  [1m[36m (0.0ms)[0m  [1mCREATE TABLE "articles" ("id" INTEGER PRIMARY KEY AUTOINCREMENT NOT NULL, "title" varchar, "body" varchar, "created_at" datetime NOT NULL, "updated_at" datetime NOT NULL) [0m
  [1m[35mSQL (0.0ms)[0m  INSERT INTO "schema_migrations" ("version") VALUES (?)  [["version", "20160229071400"]]
  [1m[36m (109.2ms)[0m  [1mcommit transaction[0m
  [1m[35mActiveRecord::SchemaMigration Load (0.0ms)[0m  SELECT "schema_migrations".* FROM "schema_migrations"


Started GET "/" for ::1 at 2016-02-29 02:38:43 -0500
  [1m[36mActiveRecord::SchemaMigration Load (0.0ms)[0m  [1mSELECT "schema_migrations".* FROM "schema_migrations"[0m
Processing by Rails::WelcomeController#index as HTML
  Rendered C:/Ruby21-x64/lib/ruby/gems/2.1.0/gems/railties-4.2.1/lib/rails/templates/rails/welcome/index.html.erb (3.0ms)
Completed 200 OK in 16ms (Views: 15.0ms | ActiveRecord: 0.0ms)


Started GET "/articles" for ::1 at 2016-02-29 02:39:09 -0500

ActionController::RoutingError (uninitialized constant ArticlesController):
  activesupport (4.2.1) lib/active_support/inflector/methods.rb:261:in `const_get'
  activesupport (4.2.1) lib/active_support/inflector/methods.rb:261:in `block in constantize'
  activesupport (4.2.1) lib/active_support/inflector/methods.rb:259:in `each'
  activesupport (4.2.1) lib/active_support/inflector/methods.rb:259:in `inject'
  activesupport (4.2.1) lib/active_support/inflector/methods.rb:259:in `constantize'
  actionpack (4.2.1) lib/action_dispatch/routing/route_set.rb:70:in `controller_reference'
  actionpack (4.2.1) lib/action_dispatch/routing/route_set.rb:60:in `controller'
  actionpack (4.2.1) lib/action_dispatch/routing/route_set.rb:39:in `serve'
  actionpack (4.2.1) lib/action_dispatch/journey/router.rb:43:in `block in serve'
  actionpack (4.2.1) lib/action_dispatch/journey/router.rb:30:in `each'
  actionpack (4.2.1) lib/action_dispatch/journey/router.rb:30:in `serve'
  actionpack (4.2.1) lib/action_dispatch/routing/route_set.rb:819:in `call'
  rack (1.6.4) lib/rack/etag.rb:24:in `call'
  rack (1.6.4) lib/rack/conditionalget.rb:25:in `call'
  rack (1.6.4) lib/rack/head.rb:13:in `call'
  actionpack (4.2.1) lib/action_dispatch/middleware/params_parser.rb:27:in `call'
  actionpack (4.2.1) lib/action_dispatch/middleware/flash.rb:260:in `call'
  rack (1.6.4) lib/rack/session/abstract/id.rb:225:in `context'
  rack (1.6.4) lib/rack/session/abstract/id.rb:220:in `call'
  actionpack (4.2.1) lib/action_dispatch/middleware/cookies.rb:560:in `call'
  activerecord (4.2.1) lib/active_record/query_cache.rb:36:in `call'
  activerecord (4.2.1) lib/active_record/connection_adapters/abstract/connection_pool.rb:649:in `call'
  activerecord (4.2.1) lib/active_record/migration.rb:378:in `call'
  actionpack (4.2.1) lib/action_dispatch/middleware/callbacks.rb:29:in `block in call'
  activesupport (4.2.1) lib/active_support/callbacks.rb:88:in `call'
  activesupport (4.2.1) lib/active_support/callbacks.rb:88:in `_run_callbacks'
  activesupport (4.2.1) lib/active_support/callbacks.rb:776:in `_run_call_callbacks'
  activesupport (4.2.1) lib/active_support/callbacks.rb:81:in `run_callbacks'
  actionpack (4.2.1) lib/action_dispatch/middleware/callbacks.rb:27:in `call'
  actionpack (4.2.1) lib/action_dispatch/middleware/reloader.rb:73:in `call'
  actionpack (4.2.1) lib/action_dispatch/middleware/remote_ip.rb:78:in `call'
  actionpack (4.2.1) lib/action_dispatch/middleware/debug_exceptions.rb:17:in `call'
  web-console (2.3.0) lib/web_console/middleware.rb:28:in `block in call'
  web-console (2.3.0) lib/web_console/middleware.rb:18:in `catch'
  web-console (2.3.0) lib/web_console/middleware.rb:18:in `call'
  actionpack (4.2.1) lib/action_dispatch/middleware/show_exceptions.rb:30:in `call'
  railties (4.2.1) lib/rails/rack/logger.rb:38:in `call_app'
  railties (4.2.1) lib/rails/rack/logger.rb:20:in `block in call'
  activesupport (4.2.1) lib/active_support/tagged_logging.rb:68:in `block in tagged'
  activesupport (4.2.1) lib/active_support/tagged_logging.rb:26:in `tagged'
  activesupport (4.2.1) lib/active_support/tagged_logging.rb:68:in `tagged'
  railties (4.2.1) lib/rails/rack/logger.rb:20:in `call'
  actionpack (4.2.1) lib/action_dispatch/middleware/request_id.rb:21:in `call'
  rack (1.6.4) lib/rack/methodoverride.rb:22:in `call'
  rack (1.6.4) lib/rack/runtime.rb:18:in `call'
  activesupport (4.2.1) lib/active_support/cache/strategy/local_cache_middleware.rb:28:in `call'
  rack (1.6.4) lib/rack/lock.rb:17:in `call'
  actionpack (4.2.1) lib/action_dispatch/middleware/static.rb:113:in `call'
  rack (1.6.4) lib/rack/sendfile.rb:113:in `call'
  railties (4.2.1) lib/rails/engine.rb:518:in `call'
  railties (4.2.1) lib/rails/application.rb:164:in `call'
  rack (1.6.4) lib/rack/lock.rb:17:in `call'
  rack (1.6.4) lib/rack/content_length.rb:15:in `call'
  rack (1.6.4) lib/rack/handler/webrick.rb:88:in `service'
  C:/Ruby21-x64/lib/ruby/2.1.0/webrick/httpserver.rb:138:in `service'
  C:/Ruby21-x64/lib/ruby/2.1.0/webrick/httpserver.rb:94:in `run'
  C:/Ruby21-x64/lib/ruby/2.1.0/webrick/server.rb:295:in `block in start_thread'


  Rendered C:/Ruby21-x64/lib/ruby/gems/2.1.0/gems/actionpack-4.2.1/lib/action_dispatch/middleware/templates/rescues/_trace.html.erb (2.0ms)
  Rendered C:/Ruby21-x64/lib/ruby/gems/2.1.0/gems/actionpack-4.2.1/lib/action_dispatch/middleware/templates/routes/_route.html.erb (1.0ms)
  Rendered C:/Ruby21-x64/lib/ruby/gems/2.1.0/gems/actionpack-4.2.1/lib/action_dispatch/middleware/templates/routes/_table.html.erb (18.0ms)
  Rendered C:/Ruby21-x64/lib/ruby/gems/2.1.0/gems/actionpack-4.2.1/lib/action_dispatch/middleware/templates/rescues/_request_and_response.html.erb (14.0ms)
  Rendered C:/Ruby21-x64/lib/ruby/gems/2.1.0/gems/actionpack-4.2.1/lib/action_dispatch/middleware/templates/rescues/routing_error.html.erb within rescues/layout (78.0ms)
  Rendered C:/Ruby21-x64/lib/ruby/gems/2.1.0/gems/web-console-2.3.0/lib/web_console/templates/_markup.html.erb (0.0ms)
  Rendered C:/Ruby21-x64/lib/ruby/gems/2.1.0/gems/web-console-2.3.0/lib/web_console/templates/_inner_console_markup.html.erb within layouts/inlined_string (0.0ms)
  Rendered C:/Ruby21-x64/lib/ruby/gems/2.1.0/gems/web-console-2.3.0/lib/web_console/templates/_prompt_box_markup.html.erb within layouts/inlined_string (0.0ms)
  Rendered C:/Ruby21-x64/lib/ruby/gems/2.1.0/gems/web-console-2.3.0/lib/web_console/templates/style.css.erb within layouts/inlined_string (1.0ms)
  Rendered C:/Ruby21-x64/lib/ruby/gems/2.1.0/gems/web-console-2.3.0/lib/web_console/templates/console.js.erb within layouts/javascript (42.0ms)
  Rendered C:/Ruby21-x64/lib/ruby/gems/2.1.0/gems/web-console-2.3.0/lib/web_console/templates/main.js.erb within layouts/javascript (0.0ms)
  Rendered C:/Ruby21-x64/lib/ruby/gems/2.1.0/gems/web-console-2.3.0/lib/web_console/templates/error_page.js.erb within layouts/javascript (0.0ms)
  Rendered C:/Ruby21-x64/lib/ruby/gems/2.1.0/gems/web-console-2.3.0/lib/web_console/templates/index.html.erb (85.0ms)


Started GET "/articles" for ::1 at 2016-02-29 02:43:03 -0500

ActionController::RoutingError (uninitialized constant ArticlesController):
  activesupport (4.2.1) lib/active_support/inflector/methods.rb:261:in `const_get'
  activesupport (4.2.1) lib/active_support/inflector/methods.rb:261:in `block in constantize'
  activesupport (4.2.1) lib/active_support/inflector/methods.rb:259:in `each'
  activesupport (4.2.1) lib/active_support/inflector/methods.rb:259:in `inject'
  activesupport (4.2.1) lib/active_support/inflector/methods.rb:259:in `constantize'
  actionpack (4.2.1) lib/action_dispatch/routing/route_set.rb:70:in `controller_reference'
  actionpack (4.2.1) lib/action_dispatch/routing/route_set.rb:60:in `controller'
  actionpack (4.2.1) lib/action_dispatch/routing/route_set.rb:39:in `serve'
  actionpack (4.2.1) lib/action_dispatch/journey/router.rb:43:in `block in serve'
  actionpack (4.2.1) lib/action_dispatch/journey/router.rb:30:in `each'
  actionpack (4.2.1) lib/action_dispatch/journey/router.rb:30:in `serve'
  actionpack (4.2.1) lib/action_dispatch/routing/route_set.rb:819:in `call'
  rack (1.6.4) lib/rack/etag.rb:24:in `call'
  rack (1.6.4) lib/rack/conditionalget.rb:25:in `call'
  rack (1.6.4) lib/rack/head.rb:13:in `call'
  actionpack (4.2.1) lib/action_dispatch/middleware/params_parser.rb:27:in `call'
  actionpack (4.2.1) lib/action_dispatch/middleware/flash.rb:260:in `call'
  rack (1.6.4) lib/rack/session/abstract/id.rb:225:in `context'
  rack (1.6.4) lib/rack/session/abstract/id.rb:220:in `call'
  actionpack (4.2.1) lib/action_dispatch/middleware/cookies.rb:560:in `call'
  activerecord (4.2.1) lib/active_record/query_cache.rb:36:in `call'
  activerecord (4.2.1) lib/active_record/connection_adapters/abstract/connection_pool.rb:649:in `call'
  activerecord (4.2.1) lib/active_record/migration.rb:378:in `call'
  actionpack (4.2.1) lib/action_dispatch/middleware/callbacks.rb:29:in `block in call'
  activesupport (4.2.1) lib/active_support/callbacks.rb:88:in `call'
  activesupport (4.2.1) lib/active_support/callbacks.rb:88:in `_run_callbacks'
  activesupport (4.2.1) lib/active_support/callbacks.rb:776:in `_run_call_callbacks'
  activesupport (4.2.1) lib/active_support/callbacks.rb:81:in `run_callbacks'
  actionpack (4.2.1) lib/action_dispatch/middleware/callbacks.rb:27:in `call'
  actionpack (4.2.1) lib/action_dispatch/middleware/reloader.rb:73:in `call'
  actionpack (4.2.1) lib/action_dispatch/middleware/remote_ip.rb:78:in `call'
  actionpack (4.2.1) lib/action_dispatch/middleware/debug_exceptions.rb:17:in `call'
  web-console (2.3.0) lib/web_console/middleware.rb:28:in `block in call'
  web-console (2.3.0) lib/web_console/middleware.rb:18:in `catch'
  web-console (2.3.0) lib/web_console/middleware.rb:18:in `call'
  actionpack (4.2.1) lib/action_dispatch/middleware/show_exceptions.rb:30:in `call'
  railties (4.2.1) lib/rails/rack/logger.rb:38:in `call_app'
  railties (4.2.1) lib/rails/rack/logger.rb:20:in `block in call'
  activesupport (4.2.1) lib/active_support/tagged_logging.rb:68:in `block in tagged'
  activesupport (4.2.1) lib/active_support/tagged_logging.rb:26:in `tagged'
  activesupport (4.2.1) lib/active_support/tagged_logging.rb:68:in `tagged'
  railties (4.2.1) lib/rails/rack/logger.rb:20:in `call'
  actionpack (4.2.1) lib/action_dispatch/middleware/request_id.rb:21:in `call'
  rack (1.6.4) lib/rack/methodoverride.rb:22:in `call'
  rack (1.6.4) lib/rack/runtime.rb:18:in `call'
  activesupport (4.2.1) lib/active_support/cache/strategy/local_cache_middleware.rb:28:in `call'
  rack (1.6.4) lib/rack/lock.rb:17:in `call'
  actionpack (4.2.1) lib/action_dispatch/middleware/static.rb:113:in `call'
  rack (1.6.4) lib/rack/sendfile.rb:113:in `call'
  railties (4.2.1) lib/rails/engine.rb:518:in `call'
  railties (4.2.1) lib/rails/application.rb:164:in `call'
  rack (1.6.4) lib/rack/lock.rb:17:in `call'
  rack (1.6.4) lib/rack/content_length.rb:15:in `call'
  rack (1.6.4) lib/rack/handler/webrick.rb:88:in `service'
  C:/Ruby21-x64/lib/ruby/2.1.0/webrick/httpserver.rb:138:in `service'
  C:/Ruby21-x64/lib/ruby/2.1.0/webrick/httpserver.rb:94:in `run'
  C:/Ruby21-x64/lib/ruby/2.1.0/webrick/server.rb:295:in `block in start_thread'


  Rendered C:/Ruby21-x64/lib/ruby/gems/2.1.0/gems/actionpack-4.2.1/lib/action_dispatch/middleware/templates/rescues/_trace.html.erb (2.0ms)
  Rendered C:/Ruby21-x64/lib/ruby/gems/2.1.0/gems/actionpack-4.2.1/lib/action_dispatch/middleware/templates/routes/_route.html.erb (0.0ms)
  Rendered C:/Ruby21-x64/lib/ruby/gems/2.1.0/gems/actionpack-4.2.1/lib/action_dispatch/middleware/templates/routes/_table.html.erb (1.0ms)
  Rendered C:/Ruby21-x64/lib/ruby/gems/2.1.0/gems/actionpack-4.2.1/lib/action_dispatch/middleware/templates/rescues/_request_and_response.html.erb (1.0ms)
  Rendered C:/Ruby21-x64/lib/ruby/gems/2.1.0/gems/actionpack-4.2.1/lib/action_dispatch/middleware/templates/rescues/routing_error.html.erb within rescues/layout (42.0ms)
  Rendered C:/Ruby21-x64/lib/ruby/gems/2.1.0/gems/web-console-2.3.0/lib/web_console/templates/_markup.html.erb (1.0ms)
  Rendered C:/Ruby21-x64/lib/ruby/gems/2.1.0/gems/web-console-2.3.0/lib/web_console/templates/_inner_console_markup.html.erb within layouts/inlined_string (1.0ms)
  Rendered C:/Ruby21-x64/lib/ruby/gems/2.1.0/gems/web-console-2.3.0/lib/web_console/templates/_prompt_box_markup.html.erb within layouts/inlined_string (1.0ms)
  Rendered C:/Ruby21-x64/lib/ruby/gems/2.1.0/gems/web-console-2.3.0/lib/web_console/templates/style.css.erb within layouts/inlined_string (1.0ms)
  Rendered C:/Ruby21-x64/lib/ruby/gems/2.1.0/gems/web-console-2.3.0/lib/web_console/templates/console.js.erb within layouts/javascript (35.0ms)
  Rendered C:/Ruby21-x64/lib/ruby/gems/2.1.0/gems/web-console-2.3.0/lib/web_console/templates/main.js.erb within layouts/javascript (1.0ms)
  Rendered C:/Ruby21-x64/lib/ruby/gems/2.1.0/gems/web-console-2.3.0/lib/web_console/templates/error_page.js.erb within layouts/javascript (1.0ms)
  Rendered C:/Ruby21-x64/lib/ruby/gems/2.1.0/gems/web-console-2.3.0/lib/web_console/templates/index.html.erb (75.0ms)


Started GET "/articles" for ::1 at 2016-02-29 02:45:44 -0500

ActionController::RoutingError (uninitialized constant ArticlesController):
  activesupport (4.2.1) lib/active_support/inflector/methods.rb:261:in `const_get'
  activesupport (4.2.1) lib/active_support/inflector/methods.rb:261:in `block in constantize'
  activesupport (4.2.1) lib/active_support/inflector/methods.rb:259:in `each'
  activesupport (4.2.1) lib/active_support/inflector/methods.rb:259:in `inject'
  activesupport (4.2.1) lib/active_support/inflector/methods.rb:259:in `constantize'
  actionpack (4.2.1) lib/action_dispatch/routing/route_set.rb:70:in `controller_reference'
  actionpack (4.2.1) lib/action_dispatch/routing/route_set.rb:60:in `controller'
  actionpack (4.2.1) lib/action_dispatch/routing/route_set.rb:39:in `serve'
  actionpack (4.2.1) lib/action_dispatch/journey/router.rb:43:in `block in serve'
  actionpack (4.2.1) lib/action_dispatch/journey/router.rb:30:in `each'
  actionpack (4.2.1) lib/action_dispatch/journey/router.rb:30:in `serve'
  actionpack (4.2.1) lib/action_dispatch/routing/route_set.rb:819:in `call'
  rack (1.6.4) lib/rack/etag.rb:24:in `call'
  rack (1.6.4) lib/rack/conditionalget.rb:25:in `call'
  rack (1.6.4) lib/rack/head.rb:13:in `call'
  actionpack (4.2.1) lib/action_dispatch/middleware/params_parser.rb:27:in `call'
  actionpack (4.2.1) lib/action_dispatch/middleware/flash.rb:260:in `call'
  rack (1.6.4) lib/rack/session/abstract/id.rb:225:in `context'
  rack (1.6.4) lib/rack/session/abstract/id.rb:220:in `call'
  actionpack (4.2.1) lib/action_dispatch/middleware/cookies.rb:560:in `call'
  activerecord (4.2.1) lib/active_record/query_cache.rb:36:in `call'
  activerecord (4.2.1) lib/active_record/connection_adapters/abstract/connection_pool.rb:649:in `call'
  activerecord (4.2.1) lib/active_record/migration.rb:378:in `call'
  actionpack (4.2.1) lib/action_dispatch/middleware/callbacks.rb:29:in `block in call'
  activesupport (4.2.1) lib/active_support/callbacks.rb:88:in `call'
  activesupport (4.2.1) lib/active_support/callbacks.rb:88:in `_run_callbacks'
  activesupport (4.2.1) lib/active_support/callbacks.rb:776:in `_run_call_callbacks'
  activesupport (4.2.1) lib/active_support/callbacks.rb:81:in `run_callbacks'
  actionpack (4.2.1) lib/action_dispatch/middleware/callbacks.rb:27:in `call'
  actionpack (4.2.1) lib/action_dispatch/middleware/reloader.rb:73:in `call'
  actionpack (4.2.1) lib/action_dispatch/middleware/remote_ip.rb:78:in `call'
  actionpack (4.2.1) lib/action_dispatch/middleware/debug_exceptions.rb:17:in `call'
  web-console (2.3.0) lib/web_console/middleware.rb:28:in `block in call'
  web-console (2.3.0) lib/web_console/middleware.rb:18:in `catch'
  web-console (2.3.0) lib/web_console/middleware.rb:18:in `call'
  actionpack (4.2.1) lib/action_dispatch/middleware/show_exceptions.rb:30:in `call'
  railties (4.2.1) lib/rails/rack/logger.rb:38:in `call_app'
  railties (4.2.1) lib/rails/rack/logger.rb:20:in `block in call'
  activesupport (4.2.1) lib/active_support/tagged_logging.rb:68:in `block in tagged'
  activesupport (4.2.1) lib/active_support/tagged_logging.rb:26:in `tagged'
  activesupport (4.2.1) lib/active_support/tagged_logging.rb:68:in `tagged'
  railties (4.2.1) lib/rails/rack/logger.rb:20:in `call'
  actionpack (4.2.1) lib/action_dispatch/middleware/request_id.rb:21:in `call'
  rack (1.6.4) lib/rack/methodoverride.rb:22:in `call'
  rack (1.6.4) lib/rack/runtime.rb:18:in `call'
  activesupport (4.2.1) lib/active_support/cache/strategy/local_cache_middleware.rb:28:in `call'
  rack (1.6.4) lib/rack/lock.rb:17:in `call'
  actionpack (4.2.1) lib/action_dispatch/middleware/static.rb:113:in `call'
  rack (1.6.4) lib/rack/sendfile.rb:113:in `call'
  railties (4.2.1) lib/rails/engine.rb:518:in `call'
  railties (4.2.1) lib/rails/application.rb:164:in `call'
  rack (1.6.4) lib/rack/lock.rb:17:in `call'
  rack (1.6.4) lib/rack/content_length.rb:15:in `call'
  rack (1.6.4) lib/rack/handler/webrick.rb:88:in `service'
  C:/Ruby21-x64/lib/ruby/2.1.0/webrick/httpserver.rb:138:in `service'
  C:/Ruby21-x64/lib/ruby/2.1.0/webrick/httpserver.rb:94:in `run'
  C:/Ruby21-x64/lib/ruby/2.1.0/webrick/server.rb:295:in `block in start_thread'


  Rendered C:/Ruby21-x64/lib/ruby/gems/2.1.0/gems/actionpack-4.2.1/lib/action_dispatch/middleware/templates/rescues/_trace.html.erb (3.0ms)
  Rendered C:/Ruby21-x64/lib/ruby/gems/2.1.0/gems/actionpack-4.2.1/lib/action_dispatch/middleware/templates/routes/_route.html.erb (1.0ms)
  Rendered C:/Ruby21-x64/lib/ruby/gems/2.1.0/gems/actionpack-4.2.1/lib/action_dispatch/middleware/templates/routes/_table.html.erb (1.0ms)
  Rendered C:/Ruby21-x64/lib/ruby/gems/2.1.0/gems/actionpack-4.2.1/lib/action_dispatch/middleware/templates/rescues/_request_and_response.html.erb (1.0ms)
  Rendered C:/Ruby21-x64/lib/ruby/gems/2.1.0/gems/actionpack-4.2.1/lib/action_dispatch/middleware/templates/rescues/routing_error.html.erb within rescues/layout (50.0ms)
  Rendered C:/Ruby21-x64/lib/ruby/gems/2.1.0/gems/web-console-2.3.0/lib/web_console/templates/_markup.html.erb (1.0ms)
  Rendered C:/Ruby21-x64/lib/ruby/gems/2.1.0/gems/web-console-2.3.0/lib/web_console/templates/_inner_console_markup.html.erb within layouts/inlined_string (0.0ms)
  Rendered C:/Ruby21-x64/lib/ruby/gems/2.1.0/gems/web-console-2.3.0/lib/web_console/templates/_prompt_box_markup.html.erb within layouts/inlined_string (0.0ms)
  Rendered C:/Ruby21-x64/lib/ruby/gems/2.1.0/gems/web-console-2.3.0/lib/web_console/templates/style.css.erb within layouts/inlined_string (0.0ms)
  Rendered C:/Ruby21-x64/lib/ruby/gems/2.1.0/gems/web-console-2.3.0/lib/web_console/templates/console.js.erb within layouts/javascript (33.0ms)
  Rendered C:/Ruby21-x64/lib/ruby/gems/2.1.0/gems/web-console-2.3.0/lib/web_console/templates/main.js.erb within layouts/javascript (0.0ms)
  Rendered C:/Ruby21-x64/lib/ruby/gems/2.1.0/gems/web-console-2.3.0/lib/web_console/templates/error_page.js.erb within layouts/javascript (0.0ms)
  Rendered C:/Ruby21-x64/lib/ruby/gems/2.1.0/gems/web-console-2.3.0/lib/web_console/templates/index.html.erb (74.0ms)
  [1m[36mActiveRecord::SchemaMigration Load (0.0ms)[0m  [1mSELECT "schema_migrations".* FROM "schema_migrations"[0m
  [1m[35mActiveRecord::SchemaMigration Load (1.0ms)[0m  SELECT "schema_migrations".* FROM "schema_migrations"
Migrating to CreateArticles (20160229071400)
  [1m[36m (0.0ms)[0m  [1mbegin transaction[0m
  [1m[35m (12.0ms)[0m  DROP TABLE "articles"
  [1m[36mSQL (1.0ms)[0m  [1mDELETE FROM "schema_migrations" WHERE "schema_migrations"."version" = ?[0m  [["version", "20160229071400"]]
  [1m[35m (111.0ms)[0m  commit transaction
  [1m[36mActiveRecord::SchemaMigration Load (0.0ms)[0m  [1mSELECT "schema_migrations".* FROM "schema_migrations"[0m
  [1m[36mActiveRecord::SchemaMigration Load (0.0ms)[0m  [1mSELECT "schema_migrations".* FROM "schema_migrations"[0m
Migrating to CreateArticles (20160229071400)
  [1m[35m (0.0ms)[0m  begin transaction
  [1m[36m (2.0ms)[0m  [1mCREATE TABLE "articles" ("id" INTEGER PRIMARY KEY AUTOINCREMENT NOT NULL, "title" varchar, "body" varchar, "created_at" datetime NOT NULL, "updated_at" datetime NOT NULL) [0m
  [1m[35mSQL (0.0ms)[0m  INSERT INTO "schema_migrations" ("version") VALUES (?)  [["version", "20160229071400"]]
  [1m[36m (148.0ms)[0m  [1mcommit transaction[0m
  [1m[35mActiveRecord::SchemaMigration Load (0.0ms)[0m  SELECT "schema_migrations".* FROM "schema_migrations"
  [1m[36mActiveRecord::SchemaMigration Load (0.0ms)[0m  [1mSELECT "schema_migrations".* FROM "schema_migrations"[0m
  [1m[35mActiveRecord::SchemaMigration Load (0.0ms)[0m  SELECT "schema_migrations".* FROM "schema_migrations"
  [1m[36mActiveRecord::SchemaMigration Load (0.0ms)[0m  [1mSELECT "schema_migrations".* FROM "schema_migrations"[0m
  [1m[36mActiveRecord::SchemaMigration Load (0.0ms)[0m  [1mSELECT "schema_migrations".* FROM "schema_migrations"[0m
  [1m[36mActiveRecord::SchemaMigration Load (0.0ms)[0m  [1mSELECT "schema_migrations".* FROM "schema_migrations"[0m
  [1m[35m (0.0ms)[0m  begin transaction
  [1m[36mSQL (15.6ms)[0m  [1mINSERT INTO "articles" ("title", "body", "created_at", "updated_at") VALUES (?, ?, ?, ?)[0m  [["title", "First Announcement #0"], ["body", "Bushwick Neutra messenger bag PBR, aesthetic scenester narwhal Pinterest. Twee +1 flannel jean shorts Marfa, vinyl paleo literally Portland. Tofu bespoke lo-fi meggings roof party, +1 art party Pitchfork. Viral Intelligentsia crucifix, before they sold out keffiyeh meggings ennui drinking vinegar DIY. 90's Odd Future fap, biodiesel meggings disrupt gluten-free High Life umami tote bag normcore. Artisan health goth chia disrupt Wes Anderson, tousled High Life mlkshk flannel. Vice craft beer Etsy, tattooed ethical scenester tofu shabby chic wolf blog."], ["created_at", "2016-02-29 17:20:15.197995"], ["updated_at", "2016-02-29 17:20:15.197995"]]
  [1m[35m (109.2ms)[0m  commit transaction
  [1m[36m (0.0ms)[0m  [1mbegin transaction[0m
  [1m[35mSQL (0.0ms)[0m  INSERT INTO "articles" ("title", "body", "created_at", "updated_at") VALUES (?, ?, ?, ?)  [["title", "First Announcement #1"], ["body", "Bushwick Neutra messenger bag PBR, aesthetic scenester narwhal Pinterest. Twee +1 flannel jean shorts Marfa, vinyl paleo literally Portland. Tofu bespoke lo-fi meggings roof party, +1 art party Pitchfork. Viral Intelligentsia crucifix, before they sold out keffiyeh meggings ennui drinking vinegar DIY. 90's Odd Future fap, biodiesel meggings disrupt gluten-free High Life umami tote bag normcore. Artisan health goth chia disrupt Wes Anderson, tousled High Life mlkshk flannel. Vice craft beer Etsy, tattooed ethical scenester tofu shabby chic wolf blog."], ["created_at", "2016-02-29 17:20:15.322796"], ["updated_at", "2016-02-29 17:20:15.322796"]]
  [1m[36m (124.8ms)[0m  [1mcommit transaction[0m
  [1m[35m (0.0ms)[0m  begin transaction
  [1m[36mSQL (0.0ms)[0m  [1mINSERT INTO "articles" ("title", "body", "created_at", "updated_at") VALUES (?, ?, ?, ?)[0m  [["title", "First Announcement #2"], ["body", "Bushwick Neutra messenger bag PBR, aesthetic scenester narwhal Pinterest. Twee +1 flannel jean shorts Marfa, vinyl paleo literally Portland. Tofu bespoke lo-fi meggings roof party, +1 art party Pitchfork. Viral Intelligentsia crucifix, before they sold out keffiyeh meggings ennui drinking vinegar DIY. 90's Odd Future fap, biodiesel meggings disrupt gluten-free High Life umami tote bag normcore. Artisan health goth chia disrupt Wes Anderson, tousled High Life mlkshk flannel. Vice craft beer Etsy, tattooed ethical scenester tofu shabby chic wolf blog."], ["created_at", "2016-02-29 17:20:15.447596"], ["updated_at", "2016-02-29 17:20:15.447596"]]
  [1m[35m (109.2ms)[0m  commit transaction
  [1m[36m (0.0ms)[0m  [1mbegin transaction[0m
  [1m[35mSQL (0.0ms)[0m  INSERT INTO "articles" ("title", "body", "created_at", "updated_at") VALUES (?, ?, ?, ?)  [["title", "First Announcement #3"], ["body", "Bushwick Neutra messenger bag PBR, aesthetic scenester narwhal Pinterest. Twee +1 flannel jean shorts Marfa, vinyl paleo literally Portland. Tofu bespoke lo-fi meggings roof party, +1 art party Pitchfork. Viral Intelligentsia crucifix, before they sold out keffiyeh meggings ennui drinking vinegar DIY. 90's Odd Future fap, biodiesel meggings disrupt gluten-free High Life umami tote bag normcore. Artisan health goth chia disrupt Wes Anderson, tousled High Life mlkshk flannel. Vice craft beer Etsy, tattooed ethical scenester tofu shabby chic wolf blog."], ["created_at", "2016-02-29 17:20:15.556796"], ["updated_at", "2016-02-29 17:20:15.556796"]]
  [1m[36m (109.2ms)[0m  [1mcommit transaction[0m
  [1m[35m (0.0ms)[0m  begin transaction
  [1m[36mSQL (0.0ms)[0m  [1mINSERT INTO "articles" ("title", "body", "created_at", "updated_at") VALUES (?, ?, ?, ?)[0m  [["title", "First Announcement #4"], ["body", "Bushwick Neutra messenger bag PBR, aesthetic scenester narwhal Pinterest. Twee +1 flannel jean shorts Marfa, vinyl paleo literally Portland. Tofu bespoke lo-fi meggings roof party, +1 art party Pitchfork. Viral Intelligentsia crucifix, before they sold out keffiyeh meggings ennui drinking vinegar DIY. 90's Odd Future fap, biodiesel meggings disrupt gluten-free High Life umami tote bag normcore. Artisan health goth chia disrupt Wes Anderson, tousled High Life mlkshk flannel. Vice craft beer Etsy, tattooed ethical scenester tofu shabby chic wolf blog."], ["created_at", "2016-02-29 17:20:15.665996"], ["updated_at", "2016-02-29 17:20:15.665996"]]
  [1m[35m (124.8ms)[0m  commit transaction


Started GET "/" for 127.0.0.1 at 2016-02-29 12:27:48 -0500
  [1m[36mActiveRecord::SchemaMigration Load (0.0ms)[0m  [1mSELECT "schema_migrations".* FROM "schema_migrations"[0m
Processing by Rails::WelcomeController#index as HTML
  Rendered C:/Ruby21-x64/lib/ruby/gems/2.1.0/gems/railties-4.2.1/lib/rails/templates/rails/welcome/index.html.erb (13.0ms)
Completed 200 OK in 90ms (Views: 90.0ms | ActiveRecord: 0.0ms)


Started GET "/articles" for 127.0.0.1 at 2016-02-29 12:28:10 -0500
Processing by ArticlesController#index as HTML
  [1m[35mArticle Load (0.0ms)[0m  SELECT "articles".* FROM "articles"
  Rendered articles/index.html.erb within layouts/application (6.0ms)
Completed 200 OK in 644ms (Views: 640.0ms | ActiveRecord: 1.0ms)


Started GET "/assets/application.self-e80e8f2318043e8af94dddc2adad5a4f09739a8ebb323b3ab31cd71d45fd9113.css?body=1" for 127.0.0.1 at 2016-02-29 12:28:11 -0500


Started GET "/assets/jquery.self-c64a74367bda6ef8b860f19e74df08927ca99d2be2ac934e9e92d5fd361e0da4.js?body=1" for ::1 at 2016-02-29 12:28:11 -0500


Started GET "/assets/jquery_ujs.self-d602bdfe68ffc63b9f9cc512872aa3cfff046228a0a36e90dd476e8ef54c1b09.js?body=1" for ::1 at 2016-02-29 12:28:11 -0500


Started GET "/assets/application.self-1da6d28687370077cd6ba59def469f872870ada4ce65335c79d77914791d0983.js?body=1" for ::1 at 2016-02-29 12:28:11 -0500
  [1m[36m (234.0ms)[0m  [1mCREATE TABLE "schema_migrations" ("version" varchar NOT NULL) [0m
  [1m[35m (0.0ms)[0m  select sqlite_version(*)
  [1m[36m (78.0ms)[0m  [1mCREATE UNIQUE INDEX "unique_schema_migrations" ON "schema_migrations" ("version")[0m
  [1m[35mActiveRecord::SchemaMigration Load (0.0ms)[0m  SELECT "schema_migrations".* FROM "schema_migrations"
Migrating to CreateArticles (20160229071400)
  [1m[36m (0.0ms)[0m  [1mbegin transaction[0m
  [1m[35m (0.0ms)[0m  CREATE TABLE "articles" ("id" INTEGER PRIMARY KEY AUTOINCREMENT NOT NULL, "title" varchar, "body" varchar, "created_at" datetime NOT NULL, "updated_at" datetime NOT NULL) 
  [1m[36mSQL (0.0ms)[0m  [1mINSERT INTO "schema_migrations" ("version") VALUES (?)[0m  [["version", "20160229071400"]]
  [1m[35m (93.6ms)[0m  commit transaction
  [1m[36mActiveRecord::SchemaMigration Load (0.0ms)[0m  [1mSELECT "schema_migrations".* FROM "schema_migrations"[0m
  [1m[36mActiveRecord::SchemaMigration Load (0.0ms)[0m  [1mSELECT "schema_migrations".* FROM "schema_migrations"[0m
  [1m[35m (0.0ms)[0m  begin transaction
  [1m[36mSQL (0.0ms)[0m  [1mINSERT INTO "articles" ("title", "body", "created_at", "updated_at") VALUES (?, ?, ?, ?)[0m  [["title", "First Announcement #1"], ["body", "Bushwick Neutra messenger bag PBR, aesthetic scenester narwhal Pinterest. Twee +1 flannel jean shorts Marfa, vinyl paleo literally Portland. Tofu bespoke lo-fi meggings roof party, +1 art party Pitchfork. Viral Intelligentsia crucifix, before they sold out keffiyeh meggings ennui drinking vinegar DIY. 90's Odd Future fap, biodiesel meggings disrupt gluten-free High Life umami tote bag normcore. Artisan health goth chia disrupt Wes Anderson, tousled High Life mlkshk flannel. Vice craft beer Etsy, tattooed ethical scenester tofu shabby chic wolf blog."], ["created_at", "2016-02-29 17:42:00.707222"], ["updated_at", "2016-02-29 17:42:00.707222"]]
  [1m[35m (124.8ms)[0m  commit transaction
  [1m[36m (0.0ms)[0m  [1mbegin transaction[0m
  [1m[35mSQL (0.0ms)[0m  INSERT INTO "articles" ("title", "body", "created_at", "updated_at") VALUES (?, ?, ?, ?)  [["title", "First Announcement #2"], ["body", "Bushwick Neutra messenger bag PBR, aesthetic scenester narwhal Pinterest. Twee +1 flannel jean shorts Marfa, vinyl paleo literally Portland. Tofu bespoke lo-fi meggings roof party, +1 art party Pitchfork. Viral Intelligentsia crucifix, before they sold out keffiyeh meggings ennui drinking vinegar DIY. 90's Odd Future fap, biodiesel meggings disrupt gluten-free High Life umami tote bag normcore. Artisan health goth chia disrupt Wes Anderson, tousled High Life mlkshk flannel. Vice craft beer Etsy, tattooed ethical scenester tofu shabby chic wolf blog."], ["created_at", "2016-02-29 17:42:00.832022"], ["updated_at", "2016-02-29 17:42:00.832022"]]
  [1m[36m (124.8ms)[0m  [1mcommit transaction[0m
  [1m[35m (0.0ms)[0m  begin transaction
  [1m[36mSQL (0.0ms)[0m  [1mINSERT INTO "articles" ("title", "body", "created_at", "updated_at") VALUES (?, ?, ?, ?)[0m  [["title", "First Announcement #3"], ["body", "Bushwick Neutra messenger bag PBR, aesthetic scenester narwhal Pinterest. Twee +1 flannel jean shorts Marfa, vinyl paleo literally Portland. Tofu bespoke lo-fi meggings roof party, +1 art party Pitchfork. Viral Intelligentsia crucifix, before they sold out keffiyeh meggings ennui drinking vinegar DIY. 90's Odd Future fap, biodiesel meggings disrupt gluten-free High Life umami tote bag normcore. Artisan health goth chia disrupt Wes Anderson, tousled High Life mlkshk flannel. Vice craft beer Etsy, tattooed ethical scenester tofu shabby chic wolf blog."], ["created_at", "2016-02-29 17:42:00.956822"], ["updated_at", "2016-02-29 17:42:00.956822"]]
  [1m[35m (96.1ms)[0m  commit transaction
  [1m[36m (0.0ms)[0m  [1mbegin transaction[0m
  [1m[35mSQL (0.0ms)[0m  INSERT INTO "articles" ("title", "body", "created_at", "updated_at") VALUES (?, ?, ?, ?)  [["title", "First Announcement #4"], ["body", "Bushwick Neutra messenger bag PBR, aesthetic scenester narwhal Pinterest. Twee +1 flannel jean shorts Marfa, vinyl paleo literally Portland. Tofu bespoke lo-fi meggings roof party, +1 art party Pitchfork. Viral Intelligentsia crucifix, before they sold out keffiyeh meggings ennui drinking vinegar DIY. 90's Odd Future fap, biodiesel meggings disrupt gluten-free High Life umami tote bag normcore. Artisan health goth chia disrupt Wes Anderson, tousled High Life mlkshk flannel. Vice craft beer Etsy, tattooed ethical scenester tofu shabby chic wolf blog."], ["created_at", "2016-02-29 17:42:01.052922"], ["updated_at", "2016-02-29 17:42:01.052922"]]
  [1m[36m (156.0ms)[0m  [1mcommit transaction[0m
  [1m[35m (0.0ms)[0m  begin transaction
  [1m[36mSQL (0.0ms)[0m  [1mINSERT INTO "articles" ("title", "body", "created_at", "updated_at") VALUES (?, ?, ?, ?)[0m  [["title", "First Announcement #5"], ["body", "Bushwick Neutra messenger bag PBR, aesthetic scenester narwhal Pinterest. Twee +1 flannel jean shorts Marfa, vinyl paleo literally Portland. Tofu bespoke lo-fi meggings roof party, +1 art party Pitchfork. Viral Intelligentsia crucifix, before they sold out keffiyeh meggings ennui drinking vinegar DIY. 90's Odd Future fap, biodiesel meggings disrupt gluten-free High Life umami tote bag normcore. Artisan health goth chia disrupt Wes Anderson, tousled High Life mlkshk flannel. Vice craft beer Etsy, tattooed ethical scenester tofu shabby chic wolf blog."], ["created_at", "2016-02-29 17:42:01.208923"], ["updated_at", "2016-02-29 17:42:01.208923"]]
  [1m[35m (124.8ms)[0m  commit transaction


Started GET "/" for ::1 at 2016-02-29 12:42:28 -0500
  [1m[36mActiveRecord::SchemaMigration Load (1.0ms)[0m  [1mSELECT "schema_migrations".* FROM "schema_migrations"[0m
Processing by Rails::WelcomeController#index as HTML
  Rendered C:/Ruby21-x64/lib/ruby/gems/2.1.0/gems/railties-4.2.1/lib/rails/templates/rails/welcome/index.html.erb (3.0ms)
Completed 200 OK in 15ms (Views: 14.0ms | ActiveRecord: 0.0ms)


Started GET "/" for ::1 at 2016-02-29 12:42:31 -0500
Processing by Rails::WelcomeController#index as HTML
  Rendered C:/Ruby21-x64/lib/ruby/gems/2.1.0/gems/railties-4.2.1/lib/rails/templates/rails/welcome/index.html.erb (1.0ms)
Completed 200 OK in 3ms (Views: 2.0ms | ActiveRecord: 0.0ms)


Started GET "/" for ::1 at 2016-02-29 12:42:32 -0500
Processing by Rails::WelcomeController#index as HTML
  Rendered C:/Ruby21-x64/lib/ruby/gems/2.1.0/gems/railties-4.2.1/lib/rails/templates/rails/welcome/index.html.erb (0.0ms)
Completed 200 OK in 0ms (Views: 0.0ms | ActiveRecord: 0.0ms)


Started GET "/" for ::1 at 2016-02-29 12:43:45 -0500

NoMethodError (undefined method `root' for main:Object):
  config/routes.rb:8:in `<top (required)>'


  Rendered C:/Ruby21-x64/lib/ruby/gems/2.1.0/gems/actionpack-4.2.1/lib/action_dispatch/middleware/templates/rescues/_source.erb (1.0ms)
  Rendered C:/Ruby21-x64/lib/ruby/gems/2.1.0/gems/actionpack-4.2.1/lib/action_dispatch/middleware/templates/rescues/_trace.html.erb (3.0ms)
  Rendered C:/Ruby21-x64/lib/ruby/gems/2.1.0/gems/actionpack-4.2.1/lib/action_dispatch/middleware/templates/rescues/_request_and_response.html.erb (1.0ms)
  Rendered C:/Ruby21-x64/lib/ruby/gems/2.1.0/gems/actionpack-4.2.1/lib/action_dispatch/middleware/templates/rescues/diagnostics.html.erb within rescues/layout (84.0ms)
  Rendered C:/Ruby21-x64/lib/ruby/gems/2.1.0/gems/web-console-2.3.0/lib/web_console/templates/_markup.html.erb (0.0ms)
  Rendered C:/Ruby21-x64/lib/ruby/gems/2.1.0/gems/web-console-2.3.0/lib/web_console/templates/_inner_console_markup.html.erb within layouts/inlined_string (0.0ms)
  Rendered C:/Ruby21-x64/lib/ruby/gems/2.1.0/gems/web-console-2.3.0/lib/web_console/templates/_prompt_box_markup.html.erb within layouts/inlined_string (0.0ms)
  Rendered C:/Ruby21-x64/lib/ruby/gems/2.1.0/gems/web-console-2.3.0/lib/web_console/templates/style.css.erb within layouts/inlined_string (1.0ms)
  Rendered C:/Ruby21-x64/lib/ruby/gems/2.1.0/gems/web-console-2.3.0/lib/web_console/templates/console.js.erb within layouts/javascript (108.0ms)
  Rendered C:/Ruby21-x64/lib/ruby/gems/2.1.0/gems/web-console-2.3.0/lib/web_console/templates/main.js.erb within layouts/javascript (0.0ms)
  Rendered C:/Ruby21-x64/lib/ruby/gems/2.1.0/gems/web-console-2.3.0/lib/web_console/templates/error_page.js.erb within layouts/javascript (0.0ms)
  Rendered C:/Ruby21-x64/lib/ruby/gems/2.1.0/gems/web-console-2.3.0/lib/web_console/templates/index.html.erb (180.0ms)


Started GET "/" for ::1 at 2016-02-29 12:44:30 -0500
Processing by ArticlesController#index as HTML
  [1m[35mArticle Load (0.0ms)[0m  SELECT "articles".* FROM "articles"
  Rendered articles/index.html.erb within layouts/application (6.0ms)
Completed 200 OK in 286ms (Views: 284.0ms | ActiveRecord: 0.0ms)


Started GET "/assets/jquery.self-c64a74367bda6ef8b860f19e74df08927ca99d2be2ac934e9e92d5fd361e0da4.js?body=1" for ::1 at 2016-02-29 12:44:30 -0500


Started GET "/assets/application.self-e80e8f2318043e8af94dddc2adad5a4f09739a8ebb323b3ab31cd71d45fd9113.css?body=1" for ::1 at 2016-02-29 12:44:30 -0500


Started GET "/assets/jquery_ujs.self-d602bdfe68ffc63b9f9cc512872aa3cfff046228a0a36e90dd476e8ef54c1b09.js?body=1" for ::1 at 2016-02-29 12:44:30 -0500


Started GET "/assets/application.self-1da6d28687370077cd6ba59def469f872870ada4ce65335c79d77914791d0983.js?body=1" for ::1 at 2016-02-29 12:44:30 -0500


Started GET "/" for ::1 at 2016-02-29 12:51:58 -0500
Processing by ArticlesController#index as HTML
  [1m[36mArticle Load (0.0ms)[0m  [1mSELECT "articles".* FROM "articles"[0m
  Rendered articles/index.html.erb within layouts/application (2.0ms)
Completed 200 OK in 38ms (Views: 36.0ms | ActiveRecord: 0.0ms)


Started GET "/assets/jquery.self-c64a74367bda6ef8b860f19e74df08927ca99d2be2ac934e9e92d5fd361e0da4.js?body=1" for ::1 at 2016-02-29 12:51:58 -0500


Started GET "/assets/jquery_ujs.self-d602bdfe68ffc63b9f9cc512872aa3cfff046228a0a36e90dd476e8ef54c1b09.js?body=1" for ::1 at 2016-02-29 12:51:58 -0500


Started GET "/assets/application.self-1da6d28687370077cd6ba59def469f872870ada4ce65335c79d77914791d0983.js?body=1" for ::1 at 2016-02-29 12:51:58 -0500


Started GET "/assets/application.self-e80e8f2318043e8af94dddc2adad5a4f09739a8ebb323b3ab31cd71d45fd9113.css?body=1" for ::1 at 2016-02-29 12:51:59 -0500


Started GET "/" for ::1 at 2016-02-29 12:52:02 -0500
Processing by ArticlesController#index as HTML
  [1m[35mArticle Load (0.0ms)[0m  SELECT "articles".* FROM "articles"
  Rendered articles/index.html.erb within layouts/application (1.0ms)
Completed 200 OK in 29ms (Views: 28.0ms | ActiveRecord: 0.0ms)


Started GET "/assets/jquery.self-c64a74367bda6ef8b860f19e74df08927ca99d2be2ac934e9e92d5fd361e0da4.js?body=1" for ::1 at 2016-02-29 12:52:02 -0500


Started GET "/assets/jquery_ujs.self-d602bdfe68ffc63b9f9cc512872aa3cfff046228a0a36e90dd476e8ef54c1b09.js?body=1" for ::1 at 2016-02-29 12:52:02 -0500


Started GET "/assets/application.self-1da6d28687370077cd6ba59def469f872870ada4ce65335c79d77914791d0983.js?body=1" for ::1 at 2016-02-29 12:52:02 -0500


Started GET "/assets/application.self-e80e8f2318043e8af94dddc2adad5a4f09739a8ebb323b3ab31cd71d45fd9113.css?body=1" for ::1 at 2016-02-29 12:52:02 -0500
  [1m[36mActiveRecord::SchemaMigration Load (0.0ms)[0m  [1mSELECT "schema_migrations".* FROM "schema_migrations"[0m
  [1m[35mActiveRecord::SchemaMigration Load (0.0ms)[0m  SELECT "schema_migrations".* FROM "schema_migrations"
  [1m[36mActiveRecord::SchemaMigration Load (0.0ms)[0m  [1mSELECT "schema_migrations".* FROM "schema_migrations"[0m
  [1m[35m (0.0ms)[0m  begin transaction
  [1m[36mSQL (1.0ms)[0m  [1mINSERT INTO "articles" ("title", "body", "created_at", "updated_at") VALUES (?, ?, ?, ?)[0m  [["title", "First Article"], ["body", "Bushwick Neutra messenger bag PBR, aesthetic scenester narwhal Pinterest. Twee +1 flannel jean shorts Marfa, vinyl paleo literally Portland. Tofu bespoke lo-fi meggings roof party, +1 art party Pitchfork. Viral Intelligentsia crucifix, before they sold out keffiyeh meggings ennui drinking vinegar DIY. 90's Odd Future fap, biodiesel meggings disrupt gluten-free High Life umami tote bag normcore. Artisan health goth chia disrupt Wes Anderson, tousled High Life mlkshk flannel. Vice craft beer Etsy, tattooed ethical scenester tofu shabby chic wolf blog."], ["created_at", "2016-02-29 17:53:33.266793"], ["updated_at", "2016-02-29 17:53:33.266793"]]
  [1m[35m (146.0ms)[0m  commit transaction
  [1m[36m (1.0ms)[0m  [1mbegin transaction[0m
  [1m[35mSQL (3.0ms)[0m  INSERT INTO "articles" ("title", "body", "created_at", "updated_at") VALUES (?, ?, ?, ?)  [["title", "Second Article"], ["body", "Bushwick Neutra messenger bag PBR, aesthetic scenester narwhal Pinterest. Twee +1 flannel jean shorts Marfa, vinyl paleo literally Portland. Tofu bespoke lo-fi meggings roof party, +1 art party Pitchfork. Viral Intelligentsia crucifix, before they sold out keffiyeh meggings ennui drinking vinegar DIY. 90's Odd Future fap, biodiesel meggings disrupt gluten-free High Life umami tote bag normcore. Artisan health goth chia disrupt Wes Anderson, tousled High Life mlkshk flannel. Vice craft beer Etsy, tattooed ethical scenester tofu shabby chic wolf blog."], ["created_at", "2016-02-29 17:53:33.418802"], ["updated_at", "2016-02-29 17:53:33.418802"]]
  [1m[36m (94.0ms)[0m  [1mcommit transaction[0m
  [1m[35m (0.0ms)[0m  begin transaction
  [1m[36mSQL (2.0ms)[0m  [1mINSERT INTO "articles" ("title", "body", "created_at", "updated_at") VALUES (?, ?, ?, ?)[0m  [["title", "Third Article"], ["body", "Bushwick Neutra messenger bag PBR, aesthetic scenester narwhal Pinterest. Twee +1 flannel jean shorts Marfa, vinyl paleo literally Portland. Tofu bespoke lo-fi meggings roof party, +1 art party Pitchfork. Viral Intelligentsia crucifix, before they sold out keffiyeh meggings ennui drinking vinegar DIY. 90's Odd Future fap, biodiesel meggings disrupt gluten-free High Life umami tote bag normcore. Artisan health goth chia disrupt Wes Anderson, tousled High Life mlkshk flannel. Vice craft beer Etsy, tattooed ethical scenester tofu shabby chic wolf blog."], ["created_at", "2016-02-29 17:53:33.517808"], ["updated_at", "2016-02-29 17:53:33.517808"]]
  [1m[35m (96.0ms)[0m  commit transaction
  [1m[36m (0.0ms)[0m  [1mbegin transaction[0m
  [1m[35mSQL (3.0ms)[0m  INSERT INTO "articles" ("title", "body", "created_at", "updated_at") VALUES (?, ?, ?, ?)  [["title", "Fourth Article"], ["body", "Bushwick Neutra messenger bag PBR, aesthetic scenester narwhal Pinterest. Twee +1 flannel jean shorts Marfa, vinyl paleo literally Portland. Tofu bespoke lo-fi meggings roof party, +1 art party Pitchfork. Viral Intelligentsia crucifix, before they sold out keffiyeh meggings ennui drinking vinegar DIY. 90's Odd Future fap, biodiesel meggings disrupt gluten-free High Life umami tote bag normcore. Artisan health goth chia disrupt Wes Anderson, tousled High Life mlkshk flannel. Vice craft beer Etsy, tattooed ethical scenester tofu shabby chic wolf blog."], ["created_at", "2016-02-29 17:53:33.618813"], ["updated_at", "2016-02-29 17:53:33.618813"]]
  [1m[36m (85.0ms)[0m  [1mcommit transaction[0m
  [1m[35m (0.0ms)[0m  begin transaction
  [1m[36mSQL (2.0ms)[0m  [1mINSERT INTO "articles" ("title", "body", "created_at", "updated_at") VALUES (?, ?, ?, ?)[0m  [["title", "Fifth Article"], ["body", "Bushwick Neutra messenger bag PBR, aesthetic scenester narwhal Pinterest. Twee +1 flannel jean shorts Marfa, vinyl paleo literally Portland. Tofu bespoke lo-fi meggings roof party, +1 art party Pitchfork. Viral Intelligentsia crucifix, before they sold out keffiyeh meggings ennui drinking vinegar DIY. 90's Odd Future fap, biodiesel meggings disrupt gluten-free High Life umami tote bag normcore. Artisan health goth chia disrupt Wes Anderson, tousled High Life mlkshk flannel. Vice craft beer Etsy, tattooed ethical scenester tofu shabby chic wolf blog."], ["created_at", "2016-02-29 17:53:33.708819"], ["updated_at", "2016-02-29 17:53:33.708819"]]
  [1m[35m (85.0ms)[0m  commit transaction


Started GET "/" for ::1 at 2016-02-29 12:56:08 -0500
  [1m[36mActiveRecord::SchemaMigration Load (0.0ms)[0m  [1mSELECT "schema_migrations".* FROM "schema_migrations"[0m
Processing by ArticlesController#index as HTML
  [1m[35mArticle Load (1.0ms)[0m  SELECT "articles".* FROM "articles"
  Rendered articles/index.html.erb within layouts/application (7.0ms)
Completed 200 OK in 325ms (Views: 322.0ms | ActiveRecord: 1.0ms)


Started GET "/assets/jquery.self-c64a74367bda6ef8b860f19e74df08927ca99d2be2ac934e9e92d5fd361e0da4.js?body=1" for ::1 at 2016-02-29 12:56:09 -0500


Started GET "/assets/jquery_ujs.self-d602bdfe68ffc63b9f9cc512872aa3cfff046228a0a36e90dd476e8ef54c1b09.js?body=1" for ::1 at 2016-02-29 12:56:09 -0500


Started GET "/assets/application.self-e80e8f2318043e8af94dddc2adad5a4f09739a8ebb323b3ab31cd71d45fd9113.css?body=1" for ::1 at 2016-02-29 12:56:09 -0500


Started GET "/assets/application.self-1da6d28687370077cd6ba59def469f872870ada4ce65335c79d77914791d0983.js?body=1" for ::1 at 2016-02-29 12:56:09 -0500
